[debug] [2026-07-15T07:26:49.264Z] ----------------------------------------------------------------------
[debug] [2026-07-15T07:26:49.288Z] Command:       C:\Program Files\nodejs\node.exe C:\Users\chave\AppData\Roaming\npm\node_modules\firebase-tools\lib\bin\firebase.js deploy --only firestore:indexes --project pricemaster-4a611
[debug] [2026-07-15T07:26:49.288Z] CLI Version:   15.0.0
[debug] [2026-07-15T07:26:49.288Z] Platform:      win32
[debug] [2026-07-15T07:26:49.288Z] Node Version:  v22.20.0
[debug] [2026-07-15T07:26:49.289Z] Time:          Wed Jul 15 2026 01:26:49 GMT-0600 (hora estándar central)
[debug] [2026-07-15T07:26:49.289Z] ----------------------------------------------------------------------
[debug] 
[debug] [2026-07-15T07:26:58.388Z] > command requires scopes: ["email","openid","https://www.googleapis.com/auth/cloudplatformprojects.readonly","https://www.googleapis.com/auth/firebase","https://www.googleapis.com/auth/cloud-platform"]
[debug] [2026-07-15T07:26:58.389Z] > authorizing via signed-in user (busticketsuna@gmail.com)
[debug] [2026-07-15T07:26:58.389Z] [iam] checking project pricemaster-4a611 for permissions ["datastore.indexes.create","datastore.indexes.delete","datastore.indexes.list","datastore.indexes.update","firebase.projects.get"]
[debug] [2026-07-15T07:26:58.392Z] No OAuth tokens found
[debug] [2026-07-15T07:26:58.393Z] No OAuth tokens found
[debug] [2026-07-15T07:26:58.394Z] > refreshing access token with scopes: []
[debug] [2026-07-15T07:26:58.398Z] >>> [apiv2][query] POST https://www.googleapis.com/oauth2/v3/token [none]
[debug] [2026-07-15T07:26:58.398Z] >>> [apiv2][body] POST https://www.googleapis.com/oauth2/v3/token [omitted]
[debug] [2026-07-15T07:26:58.683Z] <<< [apiv2][status] POST https://www.googleapis.com/oauth2/v3/token 200
[debug] [2026-07-15T07:26:58.683Z] <<< [apiv2][body] POST https://www.googleapis.com/oauth2/v3/token [omitted]
[debug] [2026-07-15T07:26:58.695Z] >>> [apiv2][query] POST https://cloudresourcemanager.googleapis.com/v1/projects/pricemaster-4a611:testIamPermissions [none]
[debug] [2026-07-15T07:26:58.695Z] >>> [apiv2][(partial)header] POST https://cloudresourcemanager.googleapis.com/v1/projects/pricemaster-4a611:testIamPermissions x-goog-quota-user=projects/pricemaster-4a611
[debug] [2026-07-15T07:26:58.695Z] >>> [apiv2][body] POST https://cloudresourcemanager.googleapis.com/v1/projects/pricemaster-4a611:testIamPermissions {"permissions":["datastore.indexes.create","datastore.indexes.delete","datastore.indexes.list","datastore.indexes.update","firebase.projects.get"]}
[debug] [2026-07-15T07:26:59.032Z] <<< [apiv2][status] POST https://cloudresourcemanager.googleapis.com/v1/projects/pricemaster-4a611:testIamPermissions 200
[debug] [2026-07-15T07:26:59.032Z] <<< [apiv2][body] POST https://cloudresourcemanager.googleapis.com/v1/projects/pricemaster-4a611:testIamPermissions {"permissions":["datastore.indexes.create","datastore.indexes.delete","datastore.indexes.list","datastore.indexes.update","firebase.projects.get"]}
[info] 
[info] === Deploying to 'pricemaster-4a611'...
[info] 
[info] i  deploying firestore 
[info] i  firestore: ensuring required API firestore.googleapis.com is enabled... 
[debug] [2026-07-15T07:26:59.037Z] Checked if tokens are valid: true, expires at: 1784104017683
[debug] [2026-07-15T07:26:59.037Z] Checked if tokens are valid: true, expires at: 1784104017683
[debug] [2026-07-15T07:26:59.037Z] >>> [apiv2][query] GET https://serviceusage.googleapis.com/v1/projects/pricemaster-4a611/services/firestore.googleapis.com [none]
[debug] [2026-07-15T07:26:59.037Z] >>> [apiv2][(partial)header] GET https://serviceusage.googleapis.com/v1/projects/pricemaster-4a611/services/firestore.googleapis.com x-goog-quota-user=projects/pricemaster-4a611
[debug] [2026-07-15T07:27:00.456Z] <<< [apiv2][status] GET https://serviceusage.googleapis.com/v1/projects/pricemaster-4a611/services/firestore.googleapis.com 200
[debug] [2026-07-15T07:27:00.456Z] <<< [apiv2][body] GET https://serviceusage.googleapis.com/v1/projects/pricemaster-4a611/services/firestore.googleapis.com [omitted]
[info] +  firestore: required API firestore.googleapis.com is enabled 
[info] i  firestore: ensuring required API firestore.googleapis.com is enabled... 
[debug] [2026-07-15T07:27:00.470Z] Checked if tokens are valid: true, expires at: 1784104017683
[debug] [2026-07-15T07:27:00.470Z] Checked if tokens are valid: true, expires at: 1784104017683
[debug] [2026-07-15T07:27:00.470Z] >>> [apiv2][query] GET https://firestore.googleapis.com/v1/projects/pricemaster-4a611/databases/(default) [none]
[debug] [2026-07-15T07:27:00.932Z] <<< [apiv2][status] GET https://firestore.googleapis.com/v1/projects/pricemaster-4a611/databases/(default) 200
[debug] [2026-07-15T07:27:00.932Z] <<< [apiv2][body] GET https://firestore.googleapis.com/v1/projects/pricemaster-4a611/databases/(default) {"name":"projects/pricemaster-4a611/databases/(default)","uid":"215b43bb-bc50-4d76-8591-5216c17d9dde","createTime":"2025-06-10T00:32:53.763128Z","updateTime":"2025-06-10T00:32:53.763128Z","locationId":"nam5","type":"FIRESTORE_NATIVE","concurrencyMode":"PESSIMISTIC","versionRetentionPeriod":"604800s","earliestVersionTime":"2026-07-08T07:27:00Z","appEngineIntegrationMode":"DISABLED","keyPrefix":"s","pointInTimeRecoveryEnablement":"POINT_IN_TIME_RECOVERY_ENABLED","deleteProtectionState":"DELETE_PROTECTION_DISABLED","databaseEdition":"STANDARD","freeTier":true,"realtimeUpdatesMode":"REALTIME_UPDATES_MODE_ENABLED","etag":"IN2i9P2T1JUDMJfC3u2t5pID"}
[info] i  firestore: reading indexes from firestore.indexes.json... 
[info] i  cloud.firestore: checking firestore.rules for compilation errors... 
[debug] [2026-07-15T07:27:00.937Z] Checked if tokens are valid: true, expires at: 1784104017683
[debug] [2026-07-15T07:27:00.937Z] Checked if tokens are valid: true, expires at: 1784104017683
[debug] [2026-07-15T07:27:00.938Z] >>> [apiv2][query] POST https://firebaserules.googleapis.com/v1/projects/pricemaster-4a611:test [none]
[debug] [2026-07-15T07:27:00.938Z] >>> [apiv2][body] POST https://firebaserules.googleapis.com/v1/projects/pricemaster-4a611:test [omitted]
[debug] [2026-07-15T07:27:01.505Z] <<< [apiv2][status] POST https://firebaserules.googleapis.com/v1/projects/pricemaster-4a611:test 200
[debug] [2026-07-15T07:27:01.505Z] <<< [apiv2][body] POST https://firebaserules.googleapis.com/v1/projects/pricemaster-4a611:test {"issues":[{"sourcePosition":{"fileName":"firestore.rules","line":91,"column":14,"currentOffset":3987,"endOffset":4008},"description":"Unused function: validAccountingPayment.","severity":"WARNING"}]}
[warn] !  [W] 91:14 - Unused function: validAccountingPayment. 
[info] +  cloud.firestore: rules file firestore.rules compiled successfully 
[info] i  firestore: deploying indexes... 
[debug] [2026-07-15T07:27:01.508Z] Checked if tokens are valid: true, expires at: 1784104017683
[debug] [2026-07-15T07:27:01.508Z] Checked if tokens are valid: true, expires at: 1784104017683
[debug] [2026-07-15T07:27:01.508Z] >>> [apiv2][query] GET https://firestore.googleapis.com/v1/projects/pricemaster-4a611/databases/(default)/collectionGroups/-/indexes [none]
[debug] [2026-07-15T07:27:01.663Z] <<< [apiv2][status] GET https://firestore.googleapis.com/v1/projects/pricemaster-4a611/databases/(default)/collectionGroups/-/indexes 200
[debug] [2026-07-15T07:27:01.663Z] <<< [apiv2][body] GET https://firestore.googleapis.com/v1/projects/pricemaster-4a611/databases/(default)/collectionGroups/-/indexes {"indexes":[{"name":"projects/pricemaster-4a611/databases/(default)/collectionGroups/movements/indexes/CICAgPjChIAK","queryScope":"COLLECTION_GROUP","fields":[{"fieldPath":"accountId","order":"ASCENDING"},{"fieldPath":"currency","order":"ASCENDING"},{"fieldPath":"empresa","order":"ASCENDING"},{"fieldPath":"paymentType","order":"ASCENDING"},{"fieldPath":"createdAt","order":"ASCENDING"},{"fieldPath":"__name__","order":"ASCENDING"}],"state":"READY","density":"SPARSE_ALL"},{"name":"projects/pricemaster-4a611/databases/(default)/collectionGroups/solicitudes/indexes/CICAgNiav4AK","queryScope":"COLLECTION","fields":[{"fieldPath":"empresa","order":"ASCENDING"},{"fieldPath":"createdAt","order":"DESCENDING"},{"fieldPath":"__name__","order":"DESCENDING"}],"state":"READY","density":"SPARSE_ALL"},{"name":"projects/pricemaster-4a611/databases/(default)/collectionGroups/scans/indexes/CICAgJim14AK","queryScope":"COLLECTION","fields":[{"fieldPath":"sessionId","order":"ASCENDING"},{"fieldPath":"timestamp","order":"DESCENDING"},{"fieldPath":"__name__","order":"DESCENDING"}],"state":"READY","density":"SPARSE_ALL"},{"name":"projects/pricemaster-4a611/databases/(default)/collectionGroups/schedules/indexes/CICAgLjy8IAK","queryScope":"COLLECTION","fields":[{"fieldPath":"companieValue","order":"ASCENDING"},{"fieldPath":"month","order":"ASCENDING"},{"fieldPath":"year","order":"ASCENDING"},{"fieldPath":"day","order":"ASCENDING"},{"fieldPath":"__name__","order":"ASCENDING"}],"state":"READY","density":"SPARSE_ALL"},{"name":"projects/pricemaster-4a611/databases/(default)/collectionGroups/records/indexes/CICAgPi9lIEK","queryScope":"COLLECTION","fields":[{"fieldPath":"dateKey","order":"DESCENDING"},{"fieldPath":"hora","order":"DESCENDING"},{"fieldPath":"__name__","order":"DESCENDING"}],"state":"READY","density":"SPARSE_ALL"},{"name":"projects/pricemaster-4a611/databases/(default)/collectionGroups/movements/indexes/CICAgNiroIEK","queryScope":"COLLECTION","fields":[{"fieldPath":"providerCode","order":"ASCENDING"},{"fieldPath":"createdAt","order":"DESCENDING"},{"fieldPath":"__name__","order":"DESCENDING"}],"state":"READY","density":"SPARSE_ALL"},{"name":"projects/pricemaster-4a611/databases/(default)/collectionGroups/items/indexes/CICAgLiT6IEK","queryScope":"COLLECTION_GROUP","fields":[{"fieldPath":"accountId","order":"ASCENDING"},{"fieldPath":"classification","order":"ASCENDING"},{"fieldPath":"currency","order":"ASCENDING"},{"fieldPath":"empresa","order":"ASCENDING"},{"fieldPath":"createdAt","order":"ASCENDING"},{"fieldPath":"__name__","order":"ASCENDING"}],"state":"READY","density":"SPARSE_ALL"},{"name":"projects/pricemaster-4a611/databases/(default)/collectionGroups/movements/indexes/CICAgNjpgYIK","queryScope":"COLLECTION","fields":[{"fieldPath":"accountId","order":"ASCENDING"},{"fieldPath":"createdAt","order":"DESCENDING"},{"fieldPath":"__name__","order":"DESCENDING"}],"state":"READY","density":"SPARSE_ALL"},{"name":"projects/pricemaster-4a611/databases/(default)/collectionGroups/closingTimeExtensions/indexes/CICAgPj-pYIK","queryScope":"COLLECTION","fields":[{"fieldPath":"requestedBy","order":"ASCENDING"},{"fieldPath":"status","order":"ASCENDING"},{"fieldPath":"updatedAt","order":"DESCENDING"},{"fieldPath":"__name__","order":"DESCENDING"}],"state":"READY","density":"SPARSE_ALL"},{"name":"projects/pricemaster-4a611/databases/(default)/collectionGroups/items/indexes/CICAgLjRyYIK","queryScope":"COLLECTION_GROUP","fields":[{"fieldPath":"accountId","order":"ASCENDING"},{"fieldPath":"classification","order":"ASCENDING"},{"fieldPath":"currency","order":"ASCENDING"},{"fieldPath":"empresa","order":"ASCENDING"},{"fieldPath":"paymentType","order":"ASCENDING"},{"fieldPath":"createdAt","order":"ASCENDING"},{"fieldPath":"__name__","order":"ASCENDING"}],"state":"READY","density":"SPARSE_ALL"},{"name":"projects/pricemaster-4a611/databases/(default)/collectionGroups/movements/indexes/CICAgLiIkYMK","queryScope":"COLLECTION","fields":[{"fieldPath":"accountId","order":"ASCENDING"},{"fieldPath":"currency","order":"ASCENDING"},{"fieldPath":"createdAt","order":"DESCENDING"},{"fieldPath":"__name__","order":"DESCENDING"}],"state":"READY","density":"SPARSE_ALL"},{"name":"projects/pricemaster-4a611/databases/(default)/collectionGroups/items/indexes/CICAgPig2YMK","queryScope":"COLLECTION_GROUP","fields":[{"fieldPath":"accountId","order":"ASCENDING"},{"fieldPath":"currency","order":"ASCENDING"},{"fieldPath":"empresa","order":"ASCENDING"},{"fieldPath":"paymentType","order":"ASCENDING"},{"fieldPath":"createdAt","order":"ASCENDING"},{"fieldPath":"__name__","order":"ASCENDING"}],"state":"READY","density":"SPARSE_ALL"},{"name":"projects/pricemaster-4a611/databases/(default)/collectionGroups/reportes_movimientos/indexes/CICAgJjmnIgK","queryScope":"COLLECTION","fields":[{"fieldPath":"accountId","order":"ASCENDING"},{"fieldPath":"empresa","order":"ASCENDING"},{"fieldPath":"date","order":"ASCENDING"},{"fieldPath":"__name__","order":"ASCENDING"}],"state":"READY","density":"SPARSE_ALL"},{"name":"projects/pricemaster-4a611/databases/(default)/collectionGroups/movements/indexes/CICAgJiHgokK","queryScope":"COLLECTION","fields":[{"fieldPath":"isAudit","order":"ASCENDING"},{"fieldPath":"createdAt","order":"DESCENDING"},{"fieldPath":"__name__","order":"DESCENDING"}],"state":"READY","density":"SPARSE_ALL"},{"name":"projects/pricemaster-4a611/databases/(default)/collectionGroups/movements/indexes/CICAgJiH2JAK","queryScope":"COLLECTION","fields":[{"fieldPath":"paymentType","order":"ASCENDING"},{"fieldPath":"createdAt","order":"DESCENDING"},{"fieldPath":"__name__","order":"DESCENDING"}],"state":"READY","density":"SPARSE_ALL"},{"name":"projects/pricemaster-4a611/databases/(default)/collectionGroups/movements/indexes/CICAgJjmiJEK","queryScope":"COLLECTION","fields":[{"fieldPath":"currency","order":"ASCENDING"},{"fieldPath":"createdAt","order":"DESCENDING"},{"fieldPath":"__name__","order":"DESCENDING"}],"state":"READY","density":"SPARSE_ALL"},{"name":"projects/pricemaster-4a611/databases/(default)/collectionGroups/solicitudes/indexes/CICAgNjaxJEK","queryScope":"COLLECTION","fields":[{"fieldPath":"empresaKey","order":"ASCENDING"},{"fieldPath":"createdAt","order":"DESCENDING"},{"fieldPath":"__name__","order":"DESCENDING"}],"state":"READY","density":"SPARSE_ALL"},{"name":"projects/pricemaster-4a611/databases/(default)/collectionGroups/session_status/indexes/CICAgJiUsZIK","queryScope":"COLLECTION","fields":[{"fieldPath":"sessionId","order":"ASCENDING"},{"fieldPath":"lastSeen","order":"DESCENDING"},{"fieldPath":"__name__","order":"DESCENDING"}],"state":"READY","density":"SPARSE_ALL"},{"name":"projects/pricemaster-4a611/databases/(default)/collectionGroups/closingTimeExtensions/indexes/CICAgNi4-ZIK","queryScope":"COLLECTION","fields":[{"fieldPath":"status","order":"ASCENDING"},{"fieldPath":"createdAt","order":"DESCENDING"},{"fieldPath":"__name__","order":"DESCENDING"}],"state":"READY","density":"SPARSE_ALL"},{"name":"projects/pricemaster-4a611/databases/(default)/collectionGroups/items/indexes/CICAgJjFqZMK","queryScope":"COLLECTION_GROUP","fields":[{"fieldPath":"accountId","order":"ASCENDING"},{"fieldPath":"currency","order":"ASCENDING"},{"fieldPath":"empresa","order":"ASCENDING"},{"fieldPath":"createdAt","order":"ASCENDING"},{"fieldPath":"__name__","order":"ASCENDING"}],"state":"READY","density":"SPARSE_ALL"},{"name":"projects/pricemaster-4a611/databases/(default)/collectionGroups/pagos_clientes/indexes/CICAgPj-05MK","queryScope":"COLLECTION","fields":[{"fieldPath":"empresaId","order":"ASCENDING"},{"fieldPath":"ownerId","order":"ASCENDING"},{"fieldPath":"fechaPago","order":"DESCENDING"},{"fieldPath":"__name__","order":"DESCENDING"}],"state":"READY","density":"SPARSE_ALL"}]}
[debug] [2026-07-15T07:27:01.663Z] Checked if tokens are valid: true, expires at: 1784104017683
[debug] [2026-07-15T07:27:01.663Z] Checked if tokens are valid: true, expires at: 1784104017683
[debug] [2026-07-15T07:27:01.664Z] >>> [apiv2][query] GET https://firestore.googleapis.com/v1/projects/pricemaster-4a611/databases/(default)/collectionGroups/-/fields?filter=indexConfig.usesAncestorConfig=false OR ttlConfig:* [none]
[debug] [2026-07-15T07:27:01.809Z] <<< [apiv2][status] GET https://firestore.googleapis.com/v1/projects/pricemaster-4a611/databases/(default)/collectionGroups/-/fields?filter=indexConfig.usesAncestorConfig=false OR ttlConfig:* 200
[debug] [2026-07-15T07:27:01.809Z] <<< [apiv2][body] GET https://firestore.googleapis.com/v1/projects/pricemaster-4a611/databases/(default)/collectionGroups/-/fields?filter=indexConfig.usesAncestorConfig=false OR ttlConfig:* {"fields":[{"name":"projects/pricemaster-4a611/databases/(default)/collectionGroups/__default__/fields/*","indexConfig":{"indexes":[{"queryScope":"COLLECTION","fields":[{"fieldPath":"*","order":"ASCENDING"}],"state":"READY"},{"queryScope":"COLLECTION","fields":[{"fieldPath":"*","order":"DESCENDING"}],"state":"READY"},{"queryScope":"COLLECTION","fields":[{"fieldPath":"*","arrayConfig":"CONTAINS"}],"state":"READY"}]}}]}
[debug] [2026-07-15T07:27:01.809Z] Checked if tokens are valid: true, expires at: 1784104017683
[debug] [2026-07-15T07:27:01.809Z] Checked if tokens are valid: true, expires at: 1784104017683
[debug] [2026-07-15T07:27:01.810Z] >>> [apiv2][query] GET https://firestore.googleapis.com/v1/projects/pricemaster-4a611/databases/(default) [none]
[debug] [2026-07-15T07:27:01.939Z] <<< [apiv2][status] GET https://firestore.googleapis.com/v1/projects/pricemaster-4a611/databases/(default) 200
[debug] [2026-07-15T07:27:01.939Z] <<< [apiv2][body] GET https://firestore.googleapis.com/v1/projects/pricemaster-4a611/databases/(default) {"name":"projects/pricemaster-4a611/databases/(default)","uid":"215b43bb-bc50-4d76-8591-5216c17d9dde","createTime":"2025-06-10T00:32:53.763128Z","updateTime":"2025-06-10T00:32:53.763128Z","locationId":"nam5","type":"FIRESTORE_NATIVE","concurrencyMode":"PESSIMISTIC","versionRetentionPeriod":"604800s","earliestVersionTime":"2026-07-08T07:28:00Z","appEngineIntegrationMode":"DISABLED","keyPrefix":"s","pointInTimeRecoveryEnablement":"POINT_IN_TIME_RECOVERY_ENABLED","deleteProtectionState":"DELETE_PROTECTION_DISABLED","databaseEdition":"STANDARD","freeTier":true,"realtimeUpdatesMode":"REALTIME_UPDATES_MODE_ENABLED","etag":"IPzpsf6T1JUDMJfC3u2t5pID"}
[info] i  firestore: there are 15 indexes defined in your project that are not present in your firestore indexes file. To delete them, run this command with the --force flag. 
[debug] [2026-07-15T07:27:01.941Z] Creating new index: {"collectionGroup":"facturas_clientes","queryScope":"COLLECTION","fields":[{"fieldPath":"saldo","order":"ASCENDING"},{"fieldPath":"fechaVencimiento","order":"ASCENDING"}]}
[debug] [2026-07-15T07:27:01.941Z] Checked if tokens are valid: true, expires at: 1784104017683
[debug] [2026-07-15T07:27:01.941Z] Checked if tokens are valid: true, expires at: 1784104017683
[debug] [2026-07-15T07:27:01.942Z] >>> [apiv2][query] POST https://firestore.googleapis.com/v1/projects/pricemaster-4a611/databases/(default)/collectionGroups/facturas_clientes/indexes [none]
[debug] [2026-07-15T07:27:01.942Z] >>> [apiv2][body] POST https://firestore.googleapis.com/v1/projects/pricemaster-4a611/databases/(default)/collectionGroups/facturas_clientes/indexes {"fields":[{"fieldPath":"saldo","order":"ASCENDING"},{"fieldPath":"fechaVencimiento","order":"ASCENDING"}],"queryScope":"COLLECTION"}
[debug] [2026-07-15T07:27:02.780Z] <<< [apiv2][status] POST https://firestore.googleapis.com/v1/projects/pricemaster-4a611/databases/(default)/collectionGroups/facturas_clientes/indexes 200
[debug] [2026-07-15T07:27:02.780Z] <<< [apiv2][body] POST https://firestore.googleapis.com/v1/projects/pricemaster-4a611/databases/(default)/collectionGroups/facturas_clientes/indexes {"name":"projects/pricemaster-4a611/databases/(default)/operations/S0k1d2dpUGdBQ0lDDCoDIDA5NGE3NmZkZmQ0MC02N2M4LTMyZDQtMjg5ZC0xNTI5NjliZSQac2VuaWxlcGlwCQpBEg","metadata":{"@type":"type.googleapis.com/google.firestore.admin.v1.IndexOperationMetadata","startTime":"2026-07-15T07:27:00.812549Z","index":"projects/pricemaster-4a611/databases/(default)/collectionGroups/facturas_clientes/indexes/CICAgPigw5IK","state":"INITIALIZING"}}
[debug] [2026-07-15T07:27:02.781Z] Creating new index: {"collectionGroup":"facturas_proveedores","queryScope":"COLLECTION","fields":[{"fieldPath":"saldo","order":"ASCENDING"},{"fieldPath":"fechaVencimiento","order":"ASCENDING"}]}
[debug] [2026-07-15T07:27:02.781Z] Checked if tokens are valid: true, expires at: 1784104017683
[debug] [2026-07-15T07:27:02.781Z] Checked if tokens are valid: true, expires at: 1784104017683
[debug] [2026-07-15T07:27:02.781Z] >>> [apiv2][query] POST https://firestore.googleapis.com/v1/projects/pricemaster-4a611/databases/(default)/collectionGroups/facturas_proveedores/indexes [none]
[debug] [2026-07-15T07:27:02.781Z] >>> [apiv2][body] POST https://firestore.googleapis.com/v1/projects/pricemaster-4a611/databases/(default)/collectionGroups/facturas_proveedores/indexes {"fields":[{"fieldPath":"saldo","order":"ASCENDING"},{"fieldPath":"fechaVencimiento","order":"ASCENDING"}],"queryScope":"COLLECTION"}
[debug] [2026-07-15T07:27:03.244Z] <<< [apiv2][status] POST https://firestore.googleapis.com/v1/projects/pricemaster-4a611/databases/(default)/collectionGroups/facturas_proveedores/indexes 200
[debug] [2026-07-15T07:27:03.245Z] <<< [apiv2][body] POST https://firestore.googleapis.com/v1/projects/pricemaster-4a611/databases/(default)/collectionGroups/facturas_proveedores/indexes {"name":"projects/pricemaster-4a611/databases/(default)/operations/S280ei1qUGdBQ0lDDCoDIGFhYzM1NjhmYTQ0ZS1mNmJiLTIyNDQtNTNkMS1kZjlkZWI2OSQac2VuaWxlcGlwCQpBEg","metadata":{"@type":"type.googleapis.com/google.firestore.admin.v1.IndexOperationMetadata","startTime":"2026-07-15T07:27:01.462176Z","index":"projects/pricemaster-4a611/databases/(default)/collectionGroups/facturas_proveedores/indexes/CICAgPj-z4oK","state":"INITIALIZING"}}
[debug] [2026-07-15T07:27:03.245Z] Creating new index: {"collectionGroup":"clientes","queryScope":"COLLECTION","fields":[{"fieldPath":"empresaId","order":"ASCENDING"},{"fieldPath":"ownerId","order":"ASCENDING"},{"fieldPath":"nombre","order":"ASCENDING"}]}
[debug] [2026-07-15T07:27:03.245Z] Checked if tokens are valid: true, expires at: 1784104017683
[debug] [2026-07-15T07:27:03.245Z] Checked if tokens are valid: true, expires at: 1784104017683
[debug] [2026-07-15T07:27:03.245Z] >>> [apiv2][query] POST https://firestore.googleapis.com/v1/projects/pricemaster-4a611/databases/(default)/collectionGroups/clientes/indexes [none]
[debug] [2026-07-15T07:27:03.245Z] >>> [apiv2][body] POST https://firestore.googleapis.com/v1/projects/pricemaster-4a611/databases/(default)/collectionGroups/clientes/indexes {"fields":[{"fieldPath":"empresaId","order":"ASCENDING"},{"fieldPath":"ownerId","order":"ASCENDING"},{"fieldPath":"nombre","order":"ASCENDING"}],"queryScope":"COLLECTION"}
[debug] [2026-07-15T07:27:03.524Z] <<< [apiv2][status] POST https://firestore.googleapis.com/v1/projects/pricemaster-4a611/databases/(default)/collectionGroups/clientes/indexes 200
[debug] [2026-07-15T07:27:03.525Z] <<< [apiv2][body] POST https://firestore.googleapis.com/v1/projects/pricemaster-4a611/databases/(default)/collectionGroups/clientes/indexes {"name":"projects/pricemaster-4a611/databases/(default)/operations/S3M0bzRpTmdBQ0lDDCoDIDIzNWQ3NzY5ZjliMi05NDY5LTZjNjQtOTdiNS03YTZmNTQzNiQac2VuaWxlcGlwCQpBEg","metadata":{"@type":"type.googleapis.com/google.firestore.admin.v1.IndexOperationMetadata","startTime":"2026-07-15T07:27:01.834435Z","index":"projects/pricemaster-4a611/databases/(default)/collectionGroups/clientes/indexes/CICAgNi4o4sK","state":"INITIALIZING"}}
[debug] [2026-07-15T07:27:03.525Z] Creating new index: {"collectionGroup":"facturas_clientes","queryScope":"COLLECTION","fields":[{"fieldPath":"empresaId","order":"ASCENDING"},{"fieldPath":"ownerId","order":"ASCENDING"},{"fieldPath":"fechaVencimiento","order":"ASCENDING"}]}
[debug] [2026-07-15T07:27:03.526Z] Checked if tokens are valid: true, expires at: 1784104017683
[debug] [2026-07-15T07:27:03.526Z] Checked if tokens are valid: true, expires at: 1784104017683
[debug] [2026-07-15T07:27:03.526Z] >>> [apiv2][query] POST https://firestore.googleapis.com/v1/projects/pricemaster-4a611/databases/(default)/collectionGroups/facturas_clientes/indexes [none]
[debug] [2026-07-15T07:27:03.526Z] >>> [apiv2][body] POST https://firestore.googleapis.com/v1/projects/pricemaster-4a611/databases/(default)/collectionGroups/facturas_clientes/indexes {"fields":[{"fieldPath":"empresaId","order":"ASCENDING"},{"fieldPath":"ownerId","order":"ASCENDING"},{"fieldPath":"fechaVencimiento","order":"ASCENDING"}],"queryScope":"COLLECTION"}
[debug] [2026-07-15T07:27:03.825Z] <<< [apiv2][status] POST https://firestore.googleapis.com/v1/projects/pricemaster-4a611/databases/(default)/collectionGroups/facturas_clientes/indexes 200
[debug] [2026-07-15T07:27:03.826Z] <<< [apiv2][body] POST https://firestore.googleapis.com/v1/projects/pricemaster-4a611/databases/(default)/collectionGroups/facturas_clientes/indexes {"name":"projects/pricemaster-4a611/databases/(default)/operations/S0laaklpTGdBQ0lDDCoDIDkzODk2Mzc2NGU5MS1jMWJiLTlmYzQtN2RlYi1jYjNhNTUxZiQac2VuaWxlcGlwCQpBEg","metadata":{"@type":"type.googleapis.com/google.firestore.admin.v1.IndexOperationMetadata","startTime":"2026-07-15T07:27:02.135706Z","index":"projects/pricemaster-4a611/databases/(default)/collectionGroups/facturas_clientes/indexes/CICAgLiIjZIK","state":"INITIALIZING"}}
[debug] [2026-07-15T07:27:03.826Z] Creating new index: {"collectionGroup":"facturas_clientes","queryScope":"COLLECTION","fields":[{"fieldPath":"empresaId","order":"ASCENDING"},{"fieldPath":"ownerId","order":"ASCENDING"},{"fieldPath":"estado","order":"ASCENDING"},{"fieldPath":"fechaVencimiento","order":"ASCENDING"}]}
[debug] [2026-07-15T07:27:03.826Z] Checked if tokens are valid: true, expires at: 1784104017683
[debug] [2026-07-15T07:27:03.826Z] Checked if tokens are valid: true, expires at: 1784104017683
[debug] [2026-07-15T07:27:03.826Z] >>> [apiv2][query] POST https://firestore.googleapis.com/v1/projects/pricemaster-4a611/databases/(default)/collectionGroups/facturas_clientes/indexes [none]
[debug] [2026-07-15T07:27:03.827Z] >>> [apiv2][body] POST https://firestore.googleapis.com/v1/projects/pricemaster-4a611/databases/(default)/collectionGroups/facturas_clientes/indexes {"fields":[{"fieldPath":"empresaId","order":"ASCENDING"},{"fieldPath":"ownerId","order":"ASCENDING"},{"fieldPath":"estado","order":"ASCENDING"},{"fieldPath":"fechaVencimiento","order":"ASCENDING"}],"queryScope":"COLLECTION"}
[debug] [2026-07-15T07:27:04.110Z] <<< [apiv2][status] POST https://firestore.googleapis.com/v1/projects/pricemaster-4a611/databases/(default)/collectionGroups/facturas_clientes/indexes 200
[debug] [2026-07-15T07:27:04.111Z] <<< [apiv2][body] POST https://firestore.googleapis.com/v1/projects/pricemaster-4a611/databases/(default)/collectionGroups/facturas_clientes/indexes {"name":"projects/pricemaster-4a611/databases/(default)/operations/S0FwaTlpUGdBQ0lDDCoDIGJhOThlNDM1MmE3Ni1kYjI4LWYzNjQtMGIxYi03YzQyNmUzZiQac2VuaWxlcGlwCQpBEg","metadata":{"@type":"type.googleapis.com/google.firestore.admin.v1.IndexOperationMetadata","startTime":"2026-07-15T07:27:02.419221Z","index":"projects/pricemaster-4a611/databases/(default)/collectionGroups/facturas_clientes/indexes/CICAgPi9ipAK","state":"INITIALIZING"}}
[debug] [2026-07-15T07:27:04.111Z] Creating new index: {"collectionGroup":"facturas_proveedores","queryScope":"COLLECTION","fields":[{"fieldPath":"empresaId","order":"ASCENDING"},{"fieldPath":"ownerId","order":"ASCENDING"},{"fieldPath":"fechaVencimiento","order":"ASCENDING"}]}
[debug] [2026-07-15T07:27:04.111Z] Checked if tokens are valid: true, expires at: 1784104017683
[debug] [2026-07-15T07:27:04.111Z] Checked if tokens are valid: true, expires at: 1784104017683
[debug] [2026-07-15T07:27:04.111Z] >>> [apiv2][query] POST https://firestore.googleapis.com/v1/projects/pricemaster-4a611/databases/(default)/collectionGroups/facturas_proveedores/indexes [none]
[debug] [2026-07-15T07:27:04.111Z] >>> [apiv2][body] POST https://firestore.googleapis.com/v1/projects/pricemaster-4a611/databases/(default)/collectionGroups/facturas_proveedores/indexes {"fields":[{"fieldPath":"empresaId","order":"ASCENDING"},{"fieldPath":"ownerId","order":"ASCENDING"},{"fieldPath":"fechaVencimiento","order":"ASCENDING"}],"queryScope":"COLLECTION"}
[debug] [2026-07-15T07:27:04.396Z] <<< [apiv2][status] POST https://firestore.googleapis.com/v1/projects/pricemaster-4a611/databases/(default)/collectionGroups/facturas_proveedores/indexes 200
[debug] [2026-07-15T07:27:04.396Z] <<< [apiv2][body] POST https://firestore.googleapis.com/v1/projects/pricemaster-4a611/databases/(default)/collectionGroups/facturas_proveedores/indexes {"name":"projects/pricemaster-4a611/databases/(default)/operations/S01ZdGZpUGdBQ0lDDCoDIDdkY2Y2NTU5MjE1OS1jMjQ4LTBhODQtYmEwNS00NWJhYzc5ZSQac2VuaWxlcGlwCQpBEg","metadata":{"@type":"type.googleapis.com/google.firestore.admin.v1.IndexOperationMetadata","startTime":"2026-07-15T07:27:02.729569Z","index":"projects/pricemaster-4a611/databases/(default)/collectionGroups/facturas_proveedores/indexes/CICAgPiftYMK","state":"INITIALIZING"}}
[debug] [2026-07-15T07:27:04.396Z] Creating new index: {"collectionGroup":"facturas_proveedores","queryScope":"COLLECTION","fields":[{"fieldPath":"empresaId","order":"ASCENDING"},{"fieldPath":"ownerId","order":"ASCENDING"},{"fieldPath":"estado","order":"ASCENDING"},{"fieldPath":"fechaVencimiento","order":"ASCENDING"}]}
[debug] [2026-07-15T07:27:04.396Z] Checked if tokens are valid: true, expires at: 1784104017683
[debug] [2026-07-15T07:27:04.397Z] Checked if tokens are valid: true, expires at: 1784104017683
[debug] [2026-07-15T07:27:04.397Z] >>> [apiv2][query] POST https://firestore.googleapis.com/v1/projects/pricemaster-4a611/databases/(default)/collectionGroups/facturas_proveedores/indexes [none]
[debug] [2026-07-15T07:27:04.397Z] >>> [apiv2][body] POST https://firestore.googleapis.com/v1/projects/pricemaster-4a611/databases/(default)/collectionGroups/facturas_proveedores/indexes {"fields":[{"fieldPath":"empresaId","order":"ASCENDING"},{"fieldPath":"ownerId","order":"ASCENDING"},{"fieldPath":"estado","order":"ASCENDING"},{"fieldPath":"fechaVencimiento","order":"ASCENDING"}],"queryScope":"COLLECTION"}
[debug] [2026-07-15T07:27:04.610Z] <<< [apiv2][status] POST https://firestore.googleapis.com/v1/projects/pricemaster-4a611/databases/(default)/collectionGroups/facturas_proveedores/indexes 200
[debug] [2026-07-15T07:27:04.610Z] <<< [apiv2][body] POST https://firestore.googleapis.com/v1/projects/pricemaster-4a611/databases/(default)/collectionGroups/facturas_proveedores/indexes {"name":"projects/pricemaster-4a611/databases/(default)/operations/S0k1cWZpUGdBQ0lDDCoDIDE4NDkyZWY3Y2Y1NC05MTZiLWJmYTQtYzU1Yi05ZDE2NWMwYyQac2VuaWxlcGlwCQpBEg","metadata":{"@type":"type.googleapis.com/google.firestore.admin.v1.IndexOperationMetadata","startTime":"2026-07-15T07:27:02.971855Z","index":"projects/pricemaster-4a611/databases/(default)/collectionGroups/facturas_proveedores/indexes/CICAgPifq5IK","state":"INITIALIZING"}}
[debug] [2026-07-15T07:27:04.610Z] Skipping existing index: {"collectionGroup":"pagos_clientes","queryScope":"COLLECTION","fields":[{"fieldPath":"empresaId","order":"ASCENDING"},{"fieldPath":"ownerId","order":"ASCENDING"},{"fieldPath":"fechaPago","order":"DESCENDING"},{"fieldPath":"__name__","order":"DESCENDING"}]}
[debug] [2026-07-15T07:27:04.610Z] Creating new index: {"collectionGroup":"pagos_clientes","queryScope":"COLLECTION","fields":[{"fieldPath":"empresaId","order":"ASCENDING"},{"fieldPath":"ownerId","order":"ASCENDING"},{"fieldPath":"terceroId","order":"ASCENDING"},{"fieldPath":"fechaPago","order":"DESCENDING"},{"fieldPath":"__name__","order":"DESCENDING"}]}
[debug] [2026-07-15T07:27:04.610Z] Checked if tokens are valid: true, expires at: 1784104017683
[debug] [2026-07-15T07:27:04.610Z] Checked if tokens are valid: true, expires at: 1784104017683
[debug] [2026-07-15T07:27:04.611Z] >>> [apiv2][query] POST https://firestore.googleapis.com/v1/projects/pricemaster-4a611/databases/(default)/collectionGroups/pagos_clientes/indexes [none]
[debug] [2026-07-15T07:27:04.611Z] >>> [apiv2][body] POST https://firestore.googleapis.com/v1/projects/pricemaster-4a611/databases/(default)/collectionGroups/pagos_clientes/indexes {"fields":[{"fieldPath":"empresaId","order":"ASCENDING"},{"fieldPath":"ownerId","order":"ASCENDING"},{"fieldPath":"terceroId","order":"ASCENDING"},{"fieldPath":"fechaPago","order":"DESCENDING"},{"fieldPath":"__name__","order":"DESCENDING"}],"queryScope":"COLLECTION"}
[debug] [2026-07-15T07:27:04.888Z] <<< [apiv2][status] POST https://firestore.googleapis.com/v1/projects/pricemaster-4a611/databases/(default)/collectionGroups/pagos_clientes/indexes 200
[debug] [2026-07-15T07:27:04.888Z] <<< [apiv2][body] POST https://firestore.googleapis.com/v1/projects/pricemaster-4a611/databases/(default)/collectionGroups/pagos_clientes/indexes {"name":"projects/pricemaster-4a611/databases/(default)/operations/Sk01MC1qUGdBQ0lDDCoDIDllN2M0YjRlYzY0YS1iNjZiLTU3ODQtNjMxNi00ZGQxNGIwMyQac2VuaWxlcGlwCQpBEg","metadata":{"@type":"type.googleapis.com/google.firestore.admin.v1.IndexOperationMetadata","startTime":"2026-07-15T07:27:03.184229Z","index":"projects/pricemaster-4a611/databases/(default)/collectionGroups/pagos_clientes/indexes/CICAgPj-05MJ","state":"INITIALIZING"}}
[debug] [2026-07-15T07:27:04.888Z] Creating new index: {"collectionGroup":"pagos_proveedores","queryScope":"COLLECTION","fields":[{"fieldPath":"empresaId","order":"ASCENDING"},{"fieldPath":"ownerId","order":"ASCENDING"},{"fieldPath":"fechaPago","order":"DESCENDING"}]}
[debug] [2026-07-15T07:27:04.888Z] Checked if tokens are valid: true, expires at: 1784104017683
[debug] [2026-07-15T07:27:04.888Z] Checked if tokens are valid: true, expires at: 1784104017683
[debug] [2026-07-15T07:27:04.889Z] >>> [apiv2][query] POST https://firestore.googleapis.com/v1/projects/pricemaster-4a611/databases/(default)/collectionGroups/pagos_proveedores/indexes [none]
[debug] [2026-07-15T07:27:04.889Z] >>> [apiv2][body] POST https://firestore.googleapis.com/v1/projects/pricemaster-4a611/databases/(default)/collectionGroups/pagos_proveedores/indexes {"fields":[{"fieldPath":"empresaId","order":"ASCENDING"},{"fieldPath":"ownerId","order":"ASCENDING"},{"fieldPath":"fechaPago","order":"DESCENDING"}],"queryScope":"COLLECTION"}
[debug] [2026-07-15T07:27:05.285Z] <<< [apiv2][status] POST https://firestore.googleapis.com/v1/projects/pricemaster-4a611/databases/(default)/collectionGroups/pagos_proveedores/indexes 200
[debug] [2026-07-15T07:27:05.285Z] <<< [apiv2][body] POST https://firestore.googleapis.com/v1/projects/pricemaster-4a611/databases/(default)/collectionGroups/pagos_proveedores/indexes {"name":"projects/pricemaster-4a611/databases/(default)/operations/S2tvNzlpUGdBQ0lDDCoDIDliNjg0ZDI2MWZhOC0yMGViLWYxNDQtN2U5Ny1lZWVkMzI4MyQac2VuaWxlcGlwCQpBEg","metadata":{"@type":"type.googleapis.com/google.firestore.admin.v1.IndexOperationMetadata","startTime":"2026-07-15T07:27:03.613299Z","index":"projects/pricemaster-4a611/databases/(default)/collectionGroups/pagos_proveedores/indexes/CICAgPi97okK","state":"INITIALIZING"}}
[debug] [2026-07-15T07:27:05.285Z] Creating new index: {"collectionGroup":"pagos_proveedores","queryScope":"COLLECTION","fields":[{"fieldPath":"empresaId","order":"ASCENDING"},{"fieldPath":"ownerId","order":"ASCENDING"},{"fieldPath":"terceroId","order":"ASCENDING"},{"fieldPath":"fechaPago","order":"DESCENDING"}]}
[debug] [2026-07-15T07:27:05.285Z] Checked if tokens are valid: true, expires at: 1784104017683
[debug] [2026-07-15T07:27:05.285Z] Checked if tokens are valid: true, expires at: 1784104017683
[debug] [2026-07-15T07:27:05.285Z] >>> [apiv2][query] POST https://firestore.googleapis.com/v1/projects/pricemaster-4a611/databases/(default)/collectionGroups/pagos_proveedores/indexes [none]
[debug] [2026-07-15T07:27:05.286Z] >>> [apiv2][body] POST https://firestore.googleapis.com/v1/projects/pricemaster-4a611/databases/(default)/collectionGroups/pagos_proveedores/indexes {"fields":[{"fieldPath":"empresaId","order":"ASCENDING"},{"fieldPath":"ownerId","order":"ASCENDING"},{"fieldPath":"terceroId","order":"ASCENDING"},{"fieldPath":"fechaPago","order":"DESCENDING"}],"queryScope":"COLLECTION"}
[debug] [2026-07-15T07:27:05.569Z] <<< [apiv2][status] POST https://firestore.googleapis.com/v1/projects/pricemaster-4a611/databases/(default)/collectionGroups/pagos_proveedores/indexes 200
[debug] [2026-07-15T07:27:05.569Z] <<< [apiv2][body] POST https://firestore.googleapis.com/v1/projects/pricemaster-4a611/databases/(default)/collectionGroups/pagos_proveedores/indexes {"name":"projects/pricemaster-4a611/databases/(default)/operations/S01aNXBqTmdBQ0lDDCoDIDBiYjAwMGFjMTIxZC1mMWI5LThiMzQtODEwYi03ZTNmYTgxYiQac2VuaWxlcGlwCQpBEg","metadata":{"@type":"type.googleapis.com/google.firestore.admin.v1.IndexOperationMetadata","startTime":"2026-07-15T07:27:03.907082Z","index":"projects/pricemaster-4a611/databases/(default)/collectionGroups/pagos_proveedores/indexes/CICAgNjp5ZMK","state":"INITIALIZING"}}
[debug] [2026-07-15T07:27:05.569Z] Creating new index: {"collectionGroup":"reportes_movimientos","queryScope":"COLLECTION","fields":[{"fieldPath":"accountId","order":"ASCENDING"},{"fieldPath":"date","order":"ASCENDING"},{"fieldPath":"__name__","order":"ASCENDING"}]}
[debug] [2026-07-15T07:27:05.569Z] Checked if tokens are valid: true, expires at: 1784104017683
[debug] [2026-07-15T07:27:05.569Z] Checked if tokens are valid: true, expires at: 1784104017683
[debug] [2026-07-15T07:27:05.569Z] >>> [apiv2][query] POST https://firestore.googleapis.com/v1/projects/pricemaster-4a611/databases/(default)/collectionGroups/reportes_movimientos/indexes [none]
[debug] [2026-07-15T07:27:05.570Z] >>> [apiv2][body] POST https://firestore.googleapis.com/v1/projects/pricemaster-4a611/databases/(default)/collectionGroups/reportes_movimientos/indexes {"fields":[{"fieldPath":"accountId","order":"ASCENDING"},{"fieldPath":"date","order":"ASCENDING"},{"fieldPath":"__name__","order":"ASCENDING"}],"queryScope":"COLLECTION"}
[debug] [2026-07-15T07:27:05.783Z] <<< [apiv2][status] POST https://firestore.googleapis.com/v1/projects/pricemaster-4a611/databases/(default)/collectionGroups/reportes_movimientos/indexes 200
[debug] [2026-07-15T07:27:05.784Z] <<< [apiv2][body] POST https://firestore.googleapis.com/v1/projects/pricemaster-4a611/databases/(default)/collectionGroups/reportes_movimientos/indexes {"name":"projects/pricemaster-4a611/databases/(default)/operations/S0VwNENqUGdBQ0lDDCoDIDJlMDE0YjY1YWQzNi0zMzFiLWI4NzQtMWRkYi1jYzViN2Y2ZiQac2VuaWxlcGlwCQpBEg","metadata":{"@type":"type.googleapis.com/google.firestore.admin.v1.IndexOperationMetadata","startTime":"2026-07-15T07:27:04.146280Z","index":"projects/pricemaster-4a611/databases/(default)/collectionGroups/reportes_movimientos/indexes/CICAgPjC4pEK","state":"INITIALIZING"}}
[debug] [2026-07-15T07:27:05.784Z] Creating new index: {"collectionGroup":"reportes_movimientos","queryScope":"COLLECTION","fields":[{"fieldPath":"empresa","order":"ASCENDING"},{"fieldPath":"accountId","order":"ASCENDING"},{"fieldPath":"date","order":"ASCENDING"},{"fieldPath":"__name__","order":"ASCENDING"}]}
[debug] [2026-07-15T07:27:05.784Z] Checked if tokens are valid: true, expires at: 1784104017683
[debug] [2026-07-15T07:27:05.784Z] Checked if tokens are valid: true, expires at: 1784104017683
[debug] [2026-07-15T07:27:05.784Z] >>> [apiv2][query] POST https://firestore.googleapis.com/v1/projects/pricemaster-4a611/databases/(default)/collectionGroups/reportes_movimientos/indexes [none]
[debug] [2026-07-15T07:27:05.784Z] >>> [apiv2][body] POST https://firestore.googleapis.com/v1/projects/pricemaster-4a611/databases/(default)/collectionGroups/reportes_movimientos/indexes {"fields":[{"fieldPath":"empresa","order":"ASCENDING"},{"fieldPath":"accountId","order":"ASCENDING"},{"fieldPath":"date","order":"ASCENDING"},{"fieldPath":"__name__","order":"ASCENDING"}],"queryScope":"COLLECTION"}
[debug] [2026-07-15T07:27:06.031Z] <<< [apiv2][status] POST https://firestore.googleapis.com/v1/projects/pricemaster-4a611/databases/(default)/collectionGroups/reportes_movimientos/indexes 200
[debug] [2026-07-15T07:27:06.032Z] <<< [apiv2][body] POST https://firestore.googleapis.com/v1/projects/pricemaster-4a611/databases/(default)/collectionGroups/reportes_movimientos/indexes {"name":"projects/pricemaster-4a611/databases/(default)/operations/S3M0NklpTGdBQ0lDDCoDIGU2OGYzMWZlNjlkNy0zOGJiLTU0NDQtZjNmZC1kMmM5MWJjZSQac2VuaWxlcGlwCQpBEg","metadata":{"@type":"type.googleapis.com/google.firestore.admin.v1.IndexOperationMetadata","startTime":"2026-07-15T07:27:04.364920Z","index":"projects/pricemaster-4a611/databases/(default)/collectionGroups/reportes_movimientos/indexes/CICAgLiI64sK","state":"INITIALIZING"}}
[debug] [2026-07-15T07:27:06.032Z] Creating new index: {"collectionGroup":"items","queryScope":"COLLECTION_GROUP","fields":[{"fieldPath":"currency","order":"ASCENDING"},{"fieldPath":"classification","order":"ASCENDING"},{"fieldPath":"accountId","order":"ASCENDING"},{"fieldPath":"createdAt","order":"ASCENDING"},{"fieldPath":"__name__","order":"ASCENDING"}]}
[debug] [2026-07-15T07:27:06.032Z] Checked if tokens are valid: true, expires at: 1784104017683
[debug] [2026-07-15T07:27:06.032Z] Checked if tokens are valid: true, expires at: 1784104017683
[debug] [2026-07-15T07:27:06.032Z] >>> [apiv2][query] POST https://firestore.googleapis.com/v1/projects/pricemaster-4a611/databases/(default)/collectionGroups/items/indexes [none]
[debug] [2026-07-15T07:27:06.032Z] >>> [apiv2][body] POST https://firestore.googleapis.com/v1/projects/pricemaster-4a611/databases/(default)/collectionGroups/items/indexes {"fields":[{"fieldPath":"currency","order":"ASCENDING"},{"fieldPath":"classification","order":"ASCENDING"},{"fieldPath":"accountId","order":"ASCENDING"},{"fieldPath":"createdAt","order":"ASCENDING"},{"fieldPath":"__name__","order":"ASCENDING"}],"queryScope":"COLLECTION_GROUP"}
[debug] [2026-07-15T07:27:06.387Z] <<< [apiv2][status] POST https://firestore.googleapis.com/v1/projects/pricemaster-4a611/databases/(default)/collectionGroups/items/indexes 200
[debug] [2026-07-15T07:27:06.388Z] <<< [apiv2][body] POST https://firestore.googleapis.com/v1/projects/pricemaster-4a611/databases/(default)/collectionGroups/items/indexes {"name":"projects/pricemaster-4a611/databases/(default)/operations/S29ZdkZqSmdBQ0lDDCoDIDVjMDNiYTNmZjhlMC05MTFhLWZiNTQtY2VmYi0xYjdkNmJiMCQac2VuaWxlcGlwCQpBEg","metadata":{"@type":"type.googleapis.com/google.firestore.admin.v1.IndexOperationMetadata","startTime":"2026-07-15T07:27:04.704259Z","index":"projects/pricemaster-4a611/databases/(default)/collectionGroups/items/indexes/CICAgJjFvYoK","state":"INITIALIZING"}}
[debug] [2026-07-15T07:27:06.388Z] Creating new index: {"collectionGroup":"items","queryScope":"COLLECTION_GROUP","fields":[{"fieldPath":"empresa","order":"ASCENDING"},{"fieldPath":"currency","order":"ASCENDING"},{"fieldPath":"classification","order":"ASCENDING"},{"fieldPath":"accountId","order":"ASCENDING"},{"fieldPath":"createdAt","order":"ASCENDING"},{"fieldPath":"__name__","order":"ASCENDING"}]}
[debug] [2026-07-15T07:27:06.388Z] Checked if tokens are valid: true, expires at: 1784104017683
[debug] [2026-07-15T07:27:06.388Z] Checked if tokens are valid: true, expires at: 1784104017683
[debug] [2026-07-15T07:27:06.388Z] >>> [apiv2][query] POST https://firestore.googleapis.com/v1/projects/pricemaster-4a611/databases/(default)/collectionGroups/items/indexes [none]
[debug] [2026-07-15T07:27:06.388Z] >>> [apiv2][body] POST https://firestore.googleapis.com/v1/projects/pricemaster-4a611/databases/(default)/collectionGroups/items/indexes {"fields":[{"fieldPath":"empresa","order":"ASCENDING"},{"fieldPath":"currency","order":"ASCENDING"},{"fieldPath":"classification","order":"ASCENDING"},{"fieldPath":"accountId","order":"ASCENDING"},{"fieldPath":"createdAt","order":"ASCENDING"},{"fieldPath":"__name__","order":"ASCENDING"}],"queryScope":"COLLECTION_GROUP"}
[debug] [2026-07-15T07:27:06.633Z] <<< [apiv2][status] POST https://firestore.googleapis.com/v1/projects/pricemaster-4a611/databases/(default)/collectionGroups/items/indexes 200
[debug] [2026-07-15T07:27:06.634Z] <<< [apiv2][body] POST https://firestore.googleapis.com/v1/projects/pricemaster-4a611/databases/(default)/collectionGroups/items/indexes {"name":"projects/pricemaster-4a611/databases/(default)/operations/S2daLTlpUGdBQ0lDDCoDIDY2MTIyODRhMmFkNS02ZTQ5LTIxYjQtY2ZhMy05ZTY0MzMzMiQac2VuaWxlcGlwCQpBEg","metadata":{"@type":"type.googleapis.com/google.firestore.admin.v1.IndexOperationMetadata","startTime":"2026-07-15T07:27:04.971333Z","index":"projects/pricemaster-4a611/databases/(default)/collectionGroups/items/indexes/CICAgPi9-ZgK","state":"INITIALIZING"}}
[debug] [2026-07-15T07:27:06.634Z] Creating new index: {"collectionGroup":"items","queryScope":"COLLECTION_GROUP","fields":[{"fieldPath":"currency","order":"ASCENDING"},{"fieldPath":"classification","order":"ASCENDING"},{"fieldPath":"paymentType","order":"ASCENDING"},{"fieldPath":"accountId","order":"ASCENDING"},{"fieldPath":"createdAt","order":"ASCENDING"},{"fieldPath":"__name__","order":"ASCENDING"}]}
[debug] [2026-07-15T07:27:06.634Z] Checked if tokens are valid: true, expires at: 1784104017683
[debug] [2026-07-15T07:27:06.634Z] Checked if tokens are valid: true, expires at: 1784104017683
[debug] [2026-07-15T07:27:06.634Z] >>> [apiv2][query] POST https://firestore.googleapis.com/v1/projects/pricemaster-4a611/databases/(default)/collectionGroups/items/indexes [none]
[debug] [2026-07-15T07:27:06.634Z] >>> [apiv2][body] POST https://firestore.googleapis.com/v1/projects/pricemaster-4a611/databases/(default)/collectionGroups/items/indexes {"fields":[{"fieldPath":"currency","order":"ASCENDING"},{"fieldPath":"classification","order":"ASCENDING"},{"fieldPath":"paymentType","order":"ASCENDING"},{"fieldPath":"accountId","order":"ASCENDING"},{"fieldPath":"createdAt","order":"ASCENDING"},{"fieldPath":"__name__","order":"ASCENDING"}],"queryScope":"COLLECTION_GROUP"}
[debug] [2026-07-15T07:27:06.895Z] <<< [apiv2][status] POST https://firestore.googleapis.com/v1/projects/pricemaster-4a611/databases/(default)/collectionGroups/items/indexes 200
[debug] [2026-07-15T07:27:06.895Z] <<< [apiv2][body] POST https://firestore.googleapis.com/v1/projects/pricemaster-4a611/databases/(default)/collectionGroups/items/indexes {"name":"projects/pricemaster-4a611/databases/(default)/operations/S3M1eEZqSmdBQ0lDDCoDIDgzOGUyMTg1ZTYxZS05OTRhLTM5NTQtN2FjYS03N2U0MDQ4YiQac2VuaWxlcGlwCQpBEg","metadata":{"@type":"type.googleapis.com/google.firestore.admin.v1.IndexOperationMetadata","startTime":"2026-07-15T07:27:05.205606Z","index":"projects/pricemaster-4a611/databases/(default)/collectionGroups/items/indexes/CICAgJjFx5sK","state":"INITIALIZING"}}
[debug] [2026-07-15T07:27:06.895Z] Creating new index: {"collectionGroup":"items","queryScope":"COLLECTION_GROUP","fields":[{"fieldPath":"empresa","order":"ASCENDING"},{"fieldPath":"currency","order":"ASCENDING"},{"fieldPath":"classification","order":"ASCENDING"},{"fieldPath":"paymentType","order":"ASCENDING"},{"fieldPath":"accountId","order":"ASCENDING"},{"fieldPath":"createdAt","order":"ASCENDING"},{"fieldPath":"__name__","order":"ASCENDING"}]}
[debug] [2026-07-15T07:27:06.895Z] Checked if tokens are valid: true, expires at: 1784104017683
[debug] [2026-07-15T07:27:06.896Z] Checked if tokens are valid: true, expires at: 1784104017683
[debug] [2026-07-15T07:27:06.896Z] >>> [apiv2][query] POST https://firestore.googleapis.com/v1/projects/pricemaster-4a611/databases/(default)/collectionGroups/items/indexes [none]
[debug] [2026-07-15T07:27:06.896Z] >>> [apiv2][body] POST https://firestore.googleapis.com/v1/projects/pricemaster-4a611/databases/(default)/collectionGroups/items/indexes {"fields":[{"fieldPath":"empresa","order":"ASCENDING"},{"fieldPath":"currency","order":"ASCENDING"},{"fieldPath":"classification","order":"ASCENDING"},{"fieldPath":"paymentType","order":"ASCENDING"},{"fieldPath":"accountId","order":"ASCENDING"},{"fieldPath":"createdAt","order":"ASCENDING"},{"fieldPath":"__name__","order":"ASCENDING"}],"queryScope":"COLLECTION_GROUP"}
[debug] [2026-07-15T07:27:07.181Z] <<< [apiv2][status] POST https://firestore.googleapis.com/v1/projects/pricemaster-4a611/databases/(default)/collectionGroups/items/indexes 200
[debug] [2026-07-15T07:27:07.182Z] <<< [apiv2][body] POST https://firestore.googleapis.com/v1/projects/pricemaster-4a611/databases/(default)/collectionGroups/items/indexes {"name":"projects/pricemaster-4a611/databases/(default)/operations/S01ablJqTGdBQ0lDDCoDIDMzMDZlYmQ4MDFlOC1lMmFiLWFjMjQtYWQ4Yi00MDQ1Mjg3ZCQac2VuaWxlcGlwCQpBEg","metadata":{"@type":"type.googleapis.com/google.firestore.admin.v1.IndexOperationMetadata","startTime":"2026-07-15T07:27:05.487868Z","index":"projects/pricemaster-4a611/databases/(default)/collectionGroups/items/indexes/CICAgLjRnZMK","state":"INITIALIZING"}}
[debug] [2026-07-15T07:27:07.182Z] Creating new index: {"collectionGroup":"closingTimeExtensions","queryScope":"COLLECTION","fields":[{"fieldPath":"companyKey","order":"ASCENDING"},{"fieldPath":"status","order":"ASCENDING"},{"fieldPath":"createdAt","order":"DESCENDING"},{"fieldPath":"__name__","order":"DESCENDING"}]}
[debug] [2026-07-15T07:27:07.182Z] Checked if tokens are valid: true, expires at: 1784104017683
[debug] [2026-07-15T07:27:07.182Z] Checked if tokens are valid: true, expires at: 1784104017683
[debug] [2026-07-15T07:27:07.183Z] >>> [apiv2][query] POST https://firestore.googleapis.com/v1/projects/pricemaster-4a611/databases/(default)/collectionGroups/closingTimeExtensions/indexes [none]
[debug] [2026-07-15T07:27:07.183Z] >>> [apiv2][body] POST https://firestore.googleapis.com/v1/projects/pricemaster-4a611/databases/(default)/collectionGroups/closingTimeExtensions/indexes {"fields":[{"fieldPath":"companyKey","order":"ASCENDING"},{"fieldPath":"status","order":"ASCENDING"},{"fieldPath":"createdAt","order":"DESCENDING"},{"fieldPath":"__name__","order":"DESCENDING"}],"queryScope":"COLLECTION"}
[debug] [2026-07-15T07:27:07.468Z] <<< [apiv2][status] POST https://firestore.googleapis.com/v1/projects/pricemaster-4a611/databases/(default)/collectionGroups/closingTimeExtensions/indexes 200
